<?xml version="1.0" encoding="UTF-8"?>
<!-- Generated by org.testng.reporters.JUnitXMLReporter -->
<testsuite ignored="1" hostname="DESKTOP-SFSL412" failures="0" tests="5" name="Default test" time="0.061" errors="0" timestamp="03 May 2020 11:59:50 GMT">
  <testcase classname="TestNgPackage.helperannotations" name="MobileTestCase1" time="0.0"/>
  <testcase classname="TestNgPackage.helperannotations" name="WebTestCase1" time="0.0"/>
  <testcase classname="TestNgPackage.helperannotations" name="APItescase2" time="0.0"/>
  <testcase classname="TestNgPackage.helperannotations" name="CPItestcase1" time="0.0"/>
  <testcase classname="TestNgPackage.helperannotations" name="BPItestcase1" time="0.0"/>
  <testcase classname="TestNgPackage.helperannotations" name="ommit" time="0.0">
    <ignored/>
  </testcase> <!-- ommit -->
</testsuite> <!-- Default test -->
