<?xml version="1.0" encoding="UTF-8"?>
<!-- Generated by org.testng.reporters.JUnitXMLReporter -->
<testsuite hostname="DESKTOP-SFSL412" name="Test" tests="3" failures="0" timestamp="28 May 2020 11:02:13 GMT" time="0.031" errors="0">
  <testcase name="testcase2Travel" time="0.016" classname="TestNgPackage.TravelLoans"/>
  <testcase name="testcase1" time="0.0" classname="TestNgPackage.TestNgDay1"/>
  <testcase name="APItescase1" time="0.0" classname="TestNgPackage.CarLoans"/>
</testsuite> <!-- Test -->
