<?xml version="1.0" encoding="UTF-8"?>
<!-- Generated by org.testng.reporters.JUnitXMLReporter -->
<testsuite hostname="DESKTOP-SFSL412" ignored="4" name="CarandPersonalLoans" tests="4" failures="1" timestamp="20 May 2020 08:23:30 GMT" time="0.099" errors="0">
  <testcase name="testcase2" time="0.015" classname="TestNgPackage.TestNgDay1"/>
  <testcase name="testcase1Car" time="0.016" classname="TestNgPackage.CarLoans">
    <failure type="java.lang.AssertionError" message="expected [true] but found [false]">
      <![CDATA[java.lang.AssertionError: expected [true] but found [false]
at TestNgPackage.CarLoans.testcase1Car(CarLoans.java:15)
... Removed 29 stack frames]]>
    </failure>
  </testcase> <!-- testcase1Car -->
  <testcase name="testcase2Car" time="0.016" classname="TestNgPackage.CarLoans"/>
  <testcase name="testcase1" time="0.0" classname="TestNgPackage.HomeLoans"/>
  <testcase name="APItescase1" time="0.0" classname="TestNgPackage.CarLoans">
    <ignored/>
  </testcase> <!-- APItescase1 -->
  <testcase name="testcase3" time="0.0" classname="TestNgPackage.TestNgDay1">
    <ignored/>
  </testcase> <!-- testcase3 -->
  <testcase name="testcase1" time="0.0" classname="TestNgPackage.TestNgDay1">
    <ignored/>
  </testcase> <!-- testcase1 -->
  <testcase name="firstAPItescase2" time="0.0" classname="TestNgPackage.CarLoans">
    <ignored/>
  </testcase> <!-- firstAPItescase2 -->
</testsuite> <!-- CarandPersonalLoans -->
