<?xml version="1.0" encoding="UTF-8"?>
<!-- Generated by org.testng.reporters.JUnitXMLReporter -->
<testsuite hostname="DESKTOP-SFSL412" ignored="1" name="TravelLoans" tests="2" failures="0" timestamp="20 May 2020 08:23:30 GMT" time="0.016" errors="0">
  <testcase name="testcase2Travel" time="0.0" classname="TestNgPackage.TravelLoans"/>
  <testcase name="testcase3Travel" time="0.0" classname="TestNgPackage.TravelLoans"/>
  <testcase name="testcase1Travel" time="0.0" classname="TestNgPackage.TravelLoans">
    <ignored/>
  </testcase> <!-- testcase1Travel -->
</testsuite> <!-- TravelLoans -->
