<?xml version="1.0" encoding="UTF-8"?>
<testng-results skipped="0" failed="0" total="3" passed="3">
  <reporter-output>
  </reporter-output>
  <suite name="Suite" duration-ms="31" started-at="2020-05-28T11:02:13Z" finished-at="2020-05-28T11:02:13Z">
    <groups>
      <group name="Sanity pack">
        <method signature="CarLoans.APItescase1()[pri:0, instance:TestNgPackage.CarLoans@12bc6874]" name="APItescase1" class="TestNgPackage.CarLoans"/>
        <method signature="TestNgDay1.testcase1()[pri:0, instance:TestNgPackage.TestNgDay1@ba4d54]" name="testcase1" class="TestNgPackage.TestNgDay1"/>
        <method signature="TravelLoans.testcase2Travel()[pri:0, instance:TestNgPackage.TravelLoans@6aceb1a5]" name="testcase2Travel" class="TestNgPackage.TravelLoans"/>
      </group> <!-- Sanity pack -->
    </groups>
    <test name="Test" duration-ms="31" started-at="2020-05-28T11:02:13Z" finished-at="2020-05-28T11:02:13Z">
      <class name="TestNgPackage.TravelLoans">
        <test-method status="PASS" signature="testcase2Travel()[pri:0, instance:TestNgPackage.TravelLoans@6aceb1a5]" name="testcase2Travel" duration-ms="16" started-at="2020-05-28T12:02:13Z" finished-at="2020-05-28T12:02:13Z">
          <reporter-output>
          </reporter-output>
        </test-method> <!-- testcase2Travel -->
      </class> <!-- TestNgPackage.TravelLoans -->
      <class name="TestNgPackage.TestNgDay1">
        <test-method status="PASS" signature="testcase1()[pri:0, instance:TestNgPackage.TestNgDay1@ba4d54]" name="testcase1" duration-ms="0" started-at="2020-05-28T12:02:13Z" finished-at="2020-05-28T12:02:13Z">
          <reporter-output>
          </reporter-output>
        </test-method> <!-- testcase1 -->
      </class> <!-- TestNgPackage.TestNgDay1 -->
      <class name="TestNgPackage.CarLoans">
        <test-method status="PASS" signature="APItescase1()[pri:0, instance:TestNgPackage.CarLoans@12bc6874]" name="APItescase1" duration-ms="0" started-at="2020-05-28T12:02:13Z" finished-at="2020-05-28T12:02:13Z">
          <reporter-output>
          </reporter-output>
        </test-method> <!-- APItescase1 -->
      </class> <!-- TestNgPackage.CarLoans -->
    </test> <!-- Test -->
  </suite> <!-- Suite -->
</testng-results>
